2025-09-18 10:56:06 - com.api.ExchangeServiceApplication - Starting ExchangeServiceApplication using Java 17.0.8.1 with PID 29568 (C:\Users\bsarala\Documents\Practice\Git_SourceCode\ExchangeService\target\classes started by bsarala in C:\Users\bsarala\Documents\Practice\Git_SourceCode\ExchangeService)
2025-09-18 10:56:06 - com.api.ExchangeServiceApplication - No active profile set, falling back to 1 default profile: "default"
2025-09-18 10:56:07 - o.s.d.r.c.RepositoryConfigurationDelegate - Bootstrapping Spring Data JPA repositories in DEFAULT mode.
2025-09-18 10:56:08 - o.s.d.r.c.RepositoryConfigurationDelegate - Finished Spring Data repository scanning in 71 ms. Found 1 JPA repository interface.
2025-09-18 10:56:08 - o.s.b.w.e.tomcat.TomcatWebServer - Tomcat initialized with port 8083 (http)
2025-09-18 10:56:08 - o.a.catalina.core.StandardService - Starting service [Tomcat]
2025-09-18 10:56:08 - o.a.catalina.core.StandardEngine - Starting Servlet engine: [Apache Tomcat/10.1.44]
2025-09-18 10:56:08 - o.a.c.c.C.[Tomcat].[localhost].[/] - Initializing Spring embedded WebApplicationContext
2025-09-18 10:56:08 - o.s.b.w.s.c.ServletWebServerApplicationContext - Root WebApplicationContext: initialization completed in 1685 ms
2025-09-18 10:56:08 - o.h.jpa.internal.util.LogHelper - HHH000204: Processing PersistenceUnitInfo [name: default]
2025-09-18 10:56:09 - org.hibernate.Version - HHH000412: Hibernate ORM core version 6.6.26.Final
2025-09-18 10:56:09 - o.h.c.i.RegionFactoryInitiator - HHH000026: Second-level cache disabled
2025-09-18 10:56:09 - o.s.o.j.p.SpringPersistenceUnitInfo - No LoadTimeWeaver setup: ignoring JPA class transformer
2025-09-18 10:56:09 - com.zaxxer.hikari.HikariDataSource - HikariPool-1 - Starting...
2025-09-18 10:56:09 - com.zaxxer.hikari.pool.HikariPool - HikariPool-1 - Added connection conn0: url=jdbc:h2:mem:testdb user=SA
2025-09-18 10:56:09 - com.zaxxer.hikari.HikariDataSource - HikariPool-1 - Start completed.
2025-09-18 10:56:09 - o.hibernate.orm.connections.pooling - HHH10001005: Database info:
	Database JDBC URL [Connecting through datasource 'HikariDataSource (HikariPool-1)']
	Database driver: undefined/unknown
	Database version: 2.3.232
	Autocommit mode: undefined/unknown
	Isolation level: undefined/unknown
	Minimum pool size: undefined/unknown
	Maximum pool size: undefined/unknown
2025-09-18 10:56:10 - o.h.e.t.j.p.i.JtaPlatformInitiator - HHH000489: No JTA platform available (set 'hibernate.transaction.jta.platform' to enable JTA platform integration)
2025-09-18 10:56:10 - o.s.o.j.LocalContainerEntityManagerFactoryBean - Initialized JPA EntityManagerFactory for persistence unit 'default'
2025-09-18 10:56:11 - o.s.b.a.o.j.JpaBaseConfiguration$JpaWebConfiguration - spring.jpa.open-in-view is enabled by default. Therefore, database queries may be performed during view rendering. Explicitly configure spring.jpa.open-in-view to disable this warning
2025-09-18 10:56:12 - o.s.b.a.h.H2ConsoleAutoConfiguration - H2 console available at '/h2-console'. Database available at 'jdbc:h2:mem:testdb'
2025-09-18 10:56:12 - o.s.b.w.e.tomcat.TomcatWebServer - Tomcat started on port 8083 (http) with context path '/'
2025-09-18 10:56:12 - com.api.ExchangeServiceApplication - Started ExchangeServiceApplication in 5.742 seconds (process running for 6.751)
2025-09-18 10:56:19 - o.a.c.c.C.[Tomcat].[localhost].[/] - Initializing Spring DispatcherServlet 'dispatcherServlet'
2025-09-18 10:56:19 - o.s.web.servlet.DispatcherServlet - Initializing Servlet 'dispatcherServlet'
2025-09-18 10:56:19 - o.s.web.servlet.DispatcherServlet - Completed initialization in 2 ms
2025-09-18 10:56:20 - o.s.api.AbstractOpenApiResource - Init duration for springdoc-openapi is: 300 ms
2025-09-18 10:56:58 - o.s.b.a.SpringApplicationAdminMXBeanRegistrar$SpringApplicationAdmin - Application shutdown requested.
2025-09-18 10:56:58 - o.s.b.w.e.tomcat.GracefulShutdown - Commencing graceful shutdown. Waiting for active requests to complete
2025-09-18 10:56:59 - o.s.b.w.e.tomcat.GracefulShutdown - Graceful shutdown complete
2025-09-18 10:56:59 - o.s.o.j.LocalContainerEntityManagerFactoryBean - Closing JPA EntityManagerFactory for persistence unit 'default'
2025-09-18 10:56:59 - com.zaxxer.hikari.HikariDataSource - HikariPool-1 - Shutdown initiated...
2025-09-18 10:56:59 - com.zaxxer.hikari.HikariDataSource - HikariPool-1 - Shutdown completed.
2025-09-18 10:57:06 - com.api.ExchangeServiceApplication - Starting ExchangeServiceApplication using Java 17.0.8.1 with PID 6920 (C:\Users\bsarala\Documents\Practice\Git_SourceCode\ExchangeService\target\classes started by bsarala in C:\Users\bsarala\Documents\Practice\Git_SourceCode\ExchangeService)
2025-09-18 10:57:06 - com.api.ExchangeServiceApplication - No active profile set, falling back to 1 default profile: "default"
2025-09-18 10:57:07 - o.s.d.r.c.RepositoryConfigurationDelegate - Bootstrapping Spring Data JPA repositories in DEFAULT mode.
2025-09-18 10:57:08 - o.s.d.r.c.RepositoryConfigurationDelegate - Finished Spring Data repository scanning in 60 ms. Found 1 JPA repository interface.
2025-09-18 10:57:08 - o.s.b.w.e.tomcat.TomcatWebServer - Tomcat initialized with port 8083 (http)
2025-09-18 10:57:08 - o.a.catalina.core.StandardService - Starting service [Tomcat]
2025-09-18 10:57:08 - o.a.catalina.core.StandardEngine - Starting Servlet engine: [Apache Tomcat/10.1.44]
2025-09-18 10:57:08 - o.a.c.c.C.[Tomcat].[localhost].[/] - Initializing Spring embedded WebApplicationContext
2025-09-18 10:57:08 - o.s.b.w.s.c.ServletWebServerApplicationContext - Root WebApplicationContext: initialization completed in 1954 ms
2025-09-18 10:57:09 - o.h.jpa.internal.util.LogHelper - HHH000204: Processing PersistenceUnitInfo [name: default]
2025-09-18 10:57:09 - org.hibernate.Version - HHH000412: Hibernate ORM core version 6.6.26.Final
2025-09-18 10:57:09 - o.h.c.i.RegionFactoryInitiator - HHH000026: Second-level cache disabled
2025-09-18 10:57:09 - o.s.o.j.p.SpringPersistenceUnitInfo - No LoadTimeWeaver setup: ignoring JPA class transformer
2025-09-18 10:57:09 - com.zaxxer.hikari.HikariDataSource - HikariPool-1 - Starting...
2025-09-18 10:57:10 - com.zaxxer.hikari.pool.HikariPool - HikariPool-1 - Added connection conn0: url=jdbc:h2:mem:testdb user=SA
2025-09-18 10:57:10 - com.zaxxer.hikari.HikariDataSource - HikariPool-1 - Start completed.
2025-09-18 10:57:10 - o.hibernate.orm.connections.pooling - HHH10001005: Database info:
	Database JDBC URL [Connecting through datasource 'HikariDataSource (HikariPool-1)']
	Database driver: undefined/unknown
	Database version: 2.3.232
	Autocommit mode: undefined/unknown
	Isolation level: undefined/unknown
	Minimum pool size: undefined/unknown
	Maximum pool size: undefined/unknown
2025-09-18 10:57:11 - o.h.e.t.j.p.i.JtaPlatformInitiator - HHH000489: No JTA platform available (set 'hibernate.transaction.jta.platform' to enable JTA platform integration)
2025-09-18 10:57:11 - o.s.o.j.LocalContainerEntityManagerFactoryBean - Initialized JPA EntityManagerFactory for persistence unit 'default'
2025-09-18 10:57:11 - o.s.b.a.o.j.JpaBaseConfiguration$JpaWebConfiguration - spring.jpa.open-in-view is enabled by default. Therefore, database queries may be performed during view rendering. Explicitly configure spring.jpa.open-in-view to disable this warning
2025-09-18 10:57:12 - o.s.b.a.h.H2ConsoleAutoConfiguration - H2 console available at '/h2-console'. Database available at 'jdbc:h2:mem:testdb'
2025-09-18 10:57:12 - o.s.b.w.e.tomcat.TomcatWebServer - Tomcat started on port 8083 (http) with context path '/'
2025-09-18 10:57:12 - com.api.ExchangeServiceApplication - Started ExchangeServiceApplication in 6.58 seconds (process running for 7.851)
2025-09-18 10:57:15 - o.a.c.c.C.[Tomcat].[localhost].[/] - Initializing Spring DispatcherServlet 'dispatcherServlet'
2025-09-18 10:57:15 - o.s.web.servlet.DispatcherServlet - Initializing Servlet 'dispatcherServlet'
2025-09-18 10:57:15 - o.s.web.servlet.DispatcherServlet - Completed initialization in 1 ms
2025-09-18 10:57:15 - o.s.api.AbstractOpenApiResource - Init duration for springdoc-openapi is: 306 ms
